E     #x1B[92m+ EMPRESA A#x1B[39;49;00m#x1B[90m#x1B[39;49<?xml version="1.0" encoding="utf-8"?><testsuites name="pytest tests"><testsuite name="pytest" errors="0" failures="4" skipped="0" tests="19" time="0.724" timestamp="2026-01-08T17:37:22.978033-03:00" hostname="LAPTOP-T5OPLKR3"><testcase classname="tests.unit.test_parser" name="test_extract_emission_and_timestamp" time="0.005" /><testcase classname="tests.unit.test_parser" name="test_emission_and_competence" time="0.002" /><testcase classname="tests.unit.test_parser" name="test_extract_emission_fallback" time="0.001" /><testcase classname="tests.unit.test_parser" name="test_extract_emission_sem_data" time="0.001" /><testcase classname="tests.unit.test_parser" name="test_extract_total_geral[TOTAL GERAL: R$ 2.500,00-R$ 2.500,00]" time="0.002" /><testcase classname="tests.unit.test_parser" name="test_extract_total_geral[VALOR L\xcdQUIDO: R$ 1.234,56-R$ 1.234,56]" time="0.003" /><testcase classname="tests.unit.test_parser" name="test_extract_total_geral[VALOR TOTAL R$ 999,99-R$ 999,99]" time="0.002" /><testcase classname="tests.unit.test_parser" name="test_extract_total_geral[Total: 15.750,00-R$ 15.750,00]" time="0.002" /><testcase classname="tests.unit.test_parser" name="test_extract_total_ignora_quantidade" time="0.001" /><testcase classname="tests.unit.test_parser" name="test_extract_total_valida_plausibilidade" time="0.002" /><testcase classname="tests.unit.test_parser" name="test_extract_issuer_recipient_completo" time="0.003" /><testcase classname="tests.unit.test_parser" name="test_extract_issuer_sem_tomador" time="0.001" /><testcase classname="tests.unit.test_parser" name="test_extract_items_com_valores" time="0.004"><failure message="AssertionError: assert 4 == 2&#10; +  where 4 = len([Item(description='Consultoria em TI - 10 horas', quantity=None, unit=None, unit_value='1.500,00', cfop=None, raw='Con...(description='COMPETÊNCIA: 12/2024', quantity=None, unit=None, unit_value=None, cfop=None, raw='COMPETÊNCIA: 12/2024')])">tests\unit\test_parser.py:201: in test_extract_items_com_valores
    assert len(items) == 2
E   AssertionError: assert 4 == 2
E    +  where 4 = len([Item(description='Consultoria em TI - 10 horas', quantity=None, unit=None, unit_value='1.500,00', cfop=None, raw='Con...(description='COMPETÊNCIA: 12/2024', quantity=None, unit=None, unit_value=None, cfop=None, raw='COMPETÊNCIA: 12/2024')])</failure></testcase><testcase classname="tests.unit.test_parser" name="test_extract_items_filtra_linhas_curtas" time="0.001"><failure message="AssertionError: assert 2 == 1&#10; +  where 2 = len([Item(description='Item válido com descrição suficiente', quantity=None, unit=None, unit_value='100,00', cfop=None, ra...100,00'), Item(description='TOTAL:', quantity=None, unit=None, unit_value='100,00', cfop=None, raw='TOTAL: R$ 100,00')])">tests\unit\test_parser.py:228: in test_extract_items_filtra_linhas_curtas
    assert len(items) == 1
E   AssertionError: assert 2 == 1
E    +  where 2 = len([Item(description='Item válido com descrição suficiente', quantity=None, unit=None, unit_value='100,00', cfop=None, ra...100,00'), Item(description='TOTAL:', quantity=None, unit=None, unit_value='100,00', cfop=None, raw='TOTAL: R$ 100,00')])</failure></testcase><testcase classname="tests.unit.test_parser" name="test_extract_items_sem_bloco_discriminacao" time="0.001" /><testcase classname="tests.unit.test_parser" name="test_extract_items_remove_values_description" time="0.001"><failure message="AssertionError: assert 2 == 1&#10; +  where 2 = len([Item(description='Produto A', quantity=None, unit=None, unit_value='500,00', cfop=None, raw='Produto A    R$ 100,00  ...500,00'), Item(description='TOTAL:', quantity=None, unit=None, unit_value='500,00', cfop=None, raw='TOTAL: R$ 500,00')])">tests\unit\test_parser.py:255: in test_extract_items_remove_values_description
    assert len(item) == 1
E   AssertionError: assert 2 == 1
E    +  where 2 = len([Item(description='Produto A', quantity=None, unit=None, unit_value='500,00', cfop=None, raw='Produto A    R$ 100,00  ...500,00'), Item(description='TOTAL:', quantity=None, unit=None, unit_value='500,00', cfop=None, raw='TOTAL: R$ 500,00')])</failure></testcase><testcase classname="tests.unit.test_parser" name="test_documento_completamente_vazio" time="0.001" /><testcase classname="tests.unit.test_parser" name="test_documento_com_unicode_quebrado" time="0.002" /><testcase classname="tests.unit.test_parser" name="test_multiplos_blocos_prestador" time="0.003"><failure message="AssertionError: assert 'EMPRESA A' == 'Empresa A'&#10;  &#10;  #x1B[0m#x1B[91m- Empresa A#x1B[39;49;00m#x1B[90m#x1B[39;49;00m&#10;  #x1B[92m+ EMPRESA A#x1B[39;49;00m#x1B[90m#x1B[39;49;00m">tests\unit\test_parser.py:324: in test_multiplos_blocos_prestador
    assert issuer.name == "Empresa A"
E   AssertionError: assert 'EMPRESA A' == 'Empresa A'
E     
E     #x1B[0m#x1B[91m- Empresa A#x1B[39;49;00m#x1B[90m#x1B[39;49;00m
;00m</failure></testcase></testsuite></testsuites>